Arguments: 
  /Users/youyunzhi/.nvm/versions/node/v16.13.0/bin/node /usr/local/Cellar/yarn/1.22.5/libexec/bin/yarn.js add @babel/parse

PATH: 
  /Users/youyunzhi/.nvm/versions/node/v16.13.0/bin:/Users/youyunzhi/.nvm/versions/node/v16.13.0/bin:/usr/local/bin:/usr/bin:/bin:/usr/sbin:/sbin:/opt/salt/bin:/usr/local/sbin

Yarn version: 
  1.22.5

Node version: 
  16.13.0

Platform: 
  darwin x64

Trace: 
  Error: https://registry.npmjs.org/@babel%2fparse: Not found
      at Request.params.callback [as _callback] (/usr/local/Cellar/yarn/1.22.5/libexec/lib/cli.js:66988:18)
      at Request.self.callback (/usr/local/Cellar/yarn/1.22.5/libexec/lib/cli.js:140749:22)
      at Request.emit (node:events:390:28)
      at Request.<anonymous> (/usr/local/Cellar/yarn/1.22.5/libexec/lib/cli.js:141721:10)
      at Request.emit (node:events:390:28)
      at IncomingMessage.<anonymous> (/usr/local/Cellar/yarn/1.22.5/libexec/lib/cli.js:141643:12)
      at Object.onceWrapper (node:events:509:28)
      at IncomingMessage.emit (node:events:402:35)
      at endReadableNT (node:internal/streams/readable:1343:12)
      at processTicksAndRejections (node:internal/process/task_queues:83:21)

npm manifest: 
  {
    "name": "webpack-tool",
    "version": "1.0.0",
    "main": "index.js",
    "author": "youyunzhi",
    "license": "MIT"
  }

yarn manifest: 
  No manifest

Lockfile: 
  No lockfile
